Using pre-set license
Built from '2020.3/staging' branch; Version is '2020.3.11f1 (99c7afb366b3) revision 10078127'; Using compiler version '192528614'; Build Type 'Release'
OS: 'Windows 10 Education; OS build 19043.1348; Version 2009; 64bit' Language: 'en' Physical Memory: 16324 MB
BatchMode: 1, IsHumanControllingUs: 0, StartBugReporterOnCrash: 0, Is64bit: 1, IsPro: 0

 COMMAND LINE ARGUMENTS:
C:\Program Files\Unity\Hub\Editor\2020.3.11f1\Editor\Unity.exe
-adb2
-batchMode
-noUpm
-name
AssetImportWorker0
-projectPath
C:/Users/Admin/Documents/unity/projectiles
-logFile
Logs/AssetImportWorker0.log
-srvPort
55807
Successfully changed project path to: C:/Users/Admin/Documents/unity/projectiles
C:/Users/Admin/Documents/unity/projectiles
Using Asset Import Pipeline V2.
Refreshing native plugins compatible for Editor in 26.41 ms, found 2 plugins.
Preloading 0 native plugins for Editor in 0.00 ms.
Initialize engine version: 2020.3.11f1 (99c7afb366b3)
[Subsystems] Discovering subsystems at path C:/Program Files/Unity/Hub/Editor/2020.3.11f1/Editor/Data/Resources/UnitySubsystems
[Subsystems] Discovering subsystems at path C:/Users/Admin/Documents/unity/projectiles/Assets
GfxDevice: creating device client; threaded=0
Direct3D:
    Version:  Direct3D 11.0 [level 11.1]
    Renderer: NVIDIA GeForce GTX 970 (ID=0x13c2)
    Vendor:   
    VRAM:     4043 MB
    Driver:   30.0.14.7168
Initialize mono
Mono path[0] = 'C:/Program Files/Unity/Hub/Editor/2020.3.11f1/Editor/Data/Managed'
Mono path[1] = 'C:/Program Files/Unity/Hub/Editor/2020.3.11f1/Editor/Data/MonoBleedingEdge/lib/mono/unityjit'
Mono config path = 'C:/Program Files/Unity/Hub/Editor/2020.3.11f1/Editor/Data/MonoBleedingEdge/etc'
Using monoOptions --debugger-agent=transport=dt_socket,embedding=1,server=y,suspend=n,address=127.0.0.1:56456
Begin MonoManager ReloadAssembly
Registering precompiled unity dll's ...
Register platform support module: C:/Program Files/Unity/Hub/Editor/2020.3.11f1/Editor/Data/PlaybackEngines/WindowsStandaloneSupport/UnityEditor.WindowsStandalone.Extensions.dll
Registered in 0.001707 seconds.
Native extension for WindowsStandalone target not found
Refreshing native plugins compatible for Editor in 25.24 ms, found 2 plugins.
Preloading 0 native plugins for Editor in 0.00 ms.
Mono: successfully reloaded assembly
- Completed reload, in  1.016 seconds
Platform modules already initialized, skipping
Registering precompiled user dll's ...
Registered in 0.003330 seconds.
Begin MonoManager ReloadAssembly
Native extension for WindowsStandalone target not found
Refreshing native plugins compatible for Editor in 0.52 ms, found 2 plugins.
Preloading 0 native plugins for Editor in 0.00 ms.
Mono: successfully reloaded assembly
- Completed reload, in  0.976 seconds
Platform modules already initialized, skipping
========================================================================
Worker process is ready to serve import requests
Launched and connected shader compiler UnityShaderCompiler.exe after 0.04 seconds
Refreshing native plugins compatible for Editor in 0.31 ms, found 2 plugins.
Preloading 0 native plugins for Editor in 0.00 ms.
Unloading 1407 Unused Serialized files (Serialized files now loaded: 0)
System memory in use before: 65.3 MB.
System memory in use after: 65.4 MB.

Unloading 18 unused Assets to reduce memory usage. Loaded Objects now: 1844.
Total: 1.846700 ms (FindLiveObjects: 0.166800 ms CreateObjectMapping: 0.075500 ms MarkObjects: 1.548000 ms  DeleteObjects: 0.055700 ms)

========================================================================
Received Import Request.
  path: Assets/Gun.prefab
  artifactKey: Guid(bd7893205171d9249a6a57ef4b3c6b46) Importer(815301076,1909f56bfc062723c751e8b465ee728b)
Start importing Assets/Gun.prefab using Guid(bd7893205171d9249a6a57ef4b3c6b46) Importer(815301076,1909f56bfc062723c751e8b465ee728b)  -> (artifact id: '96cfba26e233dd674f1eb777a2c84ef2') in 0.051520 seconds
  Import took 0.054386 seconds .

========================================================================
Received Prepare
Registering precompiled user dll's ...
Registered in 0.005557 seconds.
Begin MonoManager ReloadAssembly
Native extension for WindowsStandalone target not found
Refreshing native plugins compatible for Editor in 0.34 ms, found 2 plugins.
Preloading 0 native plugins for Editor in 0.00 ms.
Mono: successfully reloaded assembly
- Completed reload, in  0.893 seconds
Platform modules already initialized, skipping
Refreshing native plugins compatible for Editor in 0.32 ms, found 2 plugins.
Preloading 0 native plugins for Editor in 0.00 ms.
Unloading 1402 Unused Serialized files (Serialized files now loaded: 0)
System memory in use before: 65.2 MB.
System memory in use after: 65.3 MB.

Unloading 13 unused Assets to reduce memory usage. Loaded Objects now: 1848.
Total: 1.747600 ms (FindLiveObjects: 0.133700 ms CreateObjectMapping: 0.072700 ms MarkObjects: 1.490800 ms  DeleteObjects: 0.049500 ms)

========================================================================
Received Import Request.
  Time since last request: 424.722762 seconds.
  path: Assets/code n stuff/NewBehaviourScript.cs
  artifactKey: Guid(fc2c52eb2454de2419a79da817ed6a29) Importer(815301076,1909f56bfc062723c751e8b465ee728b)
Start importing Assets/code n stuff/NewBehaviourScript.cs using Guid(fc2c52eb2454de2419a79da817ed6a29) Importer(815301076,1909f56bfc062723c751e8b465ee728b)  -> (artifact id: '5e2d1216aa295312452347cd212ff24f') in 0.014821 seconds
  Import took 0.017272 seconds .

========================================================================
Received Import Request.
  Time since last request: 25.485142 seconds.
  path: Assets/code n stuff/Modify.cs
  artifactKey: Guid(fc2c52eb2454de2419a79da817ed6a29) Importer(815301076,1909f56bfc062723c751e8b465ee728b)
Start importing Assets/code n stuff/Modify.cs using Guid(fc2c52eb2454de2419a79da817ed6a29) Importer(815301076,1909f56bfc062723c751e8b465ee728b)  -> (artifact id: '6a123024cce43abd109c2fb4a93cd19f') in 0.010021 seconds
  Import took 0.013262 seconds .

========================================================================
Received Prepare
Registering precompiled user dll's ...
Registered in 0.004315 seconds.
Begin MonoManager ReloadAssembly
Native extension for WindowsStandalone target not found
Refreshing native plugins compatible for Editor in 0.32 ms, found 2 plugins.
Preloading 0 native plugins for Editor in 0.00 ms.
Mono: successfully reloaded assembly
- Completed reload, in  0.898 seconds
Platform modules already initialized, skipping
Refreshing native plugins compatible for Editor in 0.42 ms, found 2 plugins.
Preloading 0 native plugins for Editor in 0.00 ms.
Unloading 1402 Unused Serialized files (Serialized files now loaded: 0)
System memory in use before: 65.2 MB.
System memory in use after: 65.3 MB.

Unloading 13 unused Assets to reduce memory usage. Loaded Objects now: 1851.
Total: 2.125000 ms (FindLiveObjects: 0.146900 ms CreateObjectMapping: 0.060700 ms MarkObjects: 1.900100 ms  DeleteObjects: 0.016300 ms)

========================================================================
Received Import Request.
  Time since last request: 15.004475 seconds.
  path: Assets/code n stuff/StatModify.cs
  artifactKey: Guid(fc2c52eb2454de2419a79da817ed6a29) Importer(815301076,1909f56bfc062723c751e8b465ee728b)
Start importing Assets/code n stuff/StatModify.cs using Guid(fc2c52eb2454de2419a79da817ed6a29) Importer(815301076,1909f56bfc062723c751e8b465ee728b)  -> (artifact id: 'b970efd06473e33960777a2a3f5a8ee1') in 0.010662 seconds
  Import took 0.013850 seconds .

========================================================================
Received Prepare
Registering precompiled user dll's ...
Registered in 0.003249 seconds.
Begin MonoManager ReloadAssembly
Native extension for WindowsStandalone target not found
Refreshing native plugins compatible for Editor in 0.31 ms, found 2 plugins.
Preloading 0 native plugins for Editor in 0.00 ms.
Mono: successfully reloaded assembly
- Completed reload, in  0.923 seconds
Platform modules already initialized, skipping
Refreshing native plugins compatible for Editor in 0.32 ms, found 2 plugins.
Preloading 0 native plugins for Editor in 0.00 ms.
Unloading 1402 Unused Serialized files (Serialized files now loaded: 0)
System memory in use before: 65.2 MB.
System memory in use after: 65.3 MB.

Unloading 13 unused Assets to reduce memory usage. Loaded Objects now: 1854.
Total: 1.884100 ms (FindLiveObjects: 0.142900 ms CreateObjectMapping: 0.043100 ms MarkObjects: 1.681200 ms  DeleteObjects: 0.016000 ms)

========================================================================
Received Prepare
Registering precompiled user dll's ...
Registered in 0.003403 seconds.
Begin MonoManager ReloadAssembly
Native extension for WindowsStandalone target not found
Refreshing native plugins compatible for Editor in 0.31 ms, found 2 plugins.
Preloading 0 native plugins for Editor in 0.00 ms.
Mono: successfully reloaded assembly
- Completed reload, in  0.951 seconds
Platform modules already initialized, skipping
Refreshing native plugins compatible for Editor in 0.32 ms, found 2 plugins.
Preloading 0 native plugins for Editor in 0.00 ms.
Unloading 1402 Unused Serialized files (Serialized files now loaded: 0)
System memory in use before: 65.2 MB.
System memory in use after: 65.4 MB.

Unloading 13 unused Assets to reduce memory usage. Loaded Objects now: 1857.
Total: 2.064300 ms (FindLiveObjects: 0.130300 ms CreateObjectMapping: 0.046200 ms MarkObjects: 1.867900 ms  DeleteObjects: 0.018400 ms)

========================================================================
Received Prepare
Registering precompiled user dll's ...
Registered in 0.003154 seconds.
Begin MonoManager ReloadAssembly
Native extension for WindowsStandalone target not found
Refreshing native plugins compatible for Editor in 0.36 ms, found 2 plugins.
Preloading 0 native plugins for Editor in 0.00 ms.
Mono: successfully reloaded assembly
- Completed reload, in  0.917 seconds
Platform modules already initialized, skipping
Refreshing native plugins compatible for Editor in 0.33 ms, found 2 plugins.
Preloading 0 native plugins for Editor in 0.00 ms.
Unloading 1402 Unused Serialized files (Serialized files now loaded: 0)
System memory in use before: 65.3 MB.
System memory in use after: 65.4 MB.

Unloading 13 unused Assets to reduce memory usage. Loaded Objects now: 1860.
Total: 1.641400 ms (FindLiveObjects: 0.136300 ms CreateObjectMapping: 0.041800 ms MarkObjects: 1.449200 ms  DeleteObjects: 0.013200 ms)

========================================================================
Received Prepare
Registering precompiled user dll's ...
Registered in 0.004175 seconds.
Begin MonoManager ReloadAssembly
Native extension for WindowsStandalone target not found
Refreshing native plugins compatible for Editor in 0.32 ms, found 2 plugins.
Preloading 0 native plugins for Editor in 0.00 ms.
Mono: successfully reloaded assembly
- Completed reload, in  1.002 seconds
Platform modules already initialized, skipping
Refreshing native plugins compatible for Editor in 0.35 ms, found 2 plugins.
Preloading 0 native plugins for Editor in 0.00 ms.
Unloading 1402 Unused Serialized files (Serialized files now loaded: 0)
System memory in use before: 65.3 MB.
System memory in use after: 65.4 MB.

Unloading 13 unused Assets to reduce memory usage. Loaded Objects now: 1863.
Total: 2.132600 ms (FindLiveObjects: 0.273300 ms CreateObjectMapping: 0.059500 ms MarkObjects: 1.784400 ms  DeleteObjects: 0.014400 ms)

========================================================================
Received Import Request.
  Time since last request: 3428.742147 seconds.
  path: Assets/code n stuff/Drone.cs
  artifactKey: Guid(b260f2e960361ad4588eca44147a9afe) Importer(815301076,1909f56bfc062723c751e8b465ee728b)
Start importing Assets/code n stuff/Drone.cs using Guid(b260f2e960361ad4588eca44147a9afe) Importer(815301076,1909f56bfc062723c751e8b465ee728b)  -> (artifact id: 'bee8482fe9a2b97996d8c363c36dacf0') in 0.008900 seconds
  Import took 0.011212 seconds .

========================================================================
Received Import Request.
  Time since last request: 0.024058 seconds.
  path: Assets/code n stuff/Drone.cs
  artifactKey: Guid(b260f2e960361ad4588eca44147a9afe) Importer(815301076,1909f56bfc062723c751e8b465ee728b)
Start importing Assets/code n stuff/Drone.cs using Guid(b260f2e960361ad4588eca44147a9afe) Importer(815301076,1909f56bfc062723c751e8b465ee728b)  -> (artifact id: 'bee8482fe9a2b97996d8c363c36dacf0') in 0.002512 seconds
  Import took 0.005198 seconds .

========================================================================
Received Prepare
Registering precompiled user dll's ...
Registered in 0.003626 seconds.
Begin MonoManager ReloadAssembly
Native extension for WindowsStandalone target not found
Refreshing native plugins compatible for Editor in 0.47 ms, found 2 plugins.
Preloading 0 native plugins for Editor in 0.00 ms.
Mono: successfully reloaded assembly
- Completed reload, in  0.941 seconds
Platform modules already initialized, skipping
Refreshing native plugins compatible for Editor in 0.32 ms, found 2 plugins.
Preloading 0 native plugins for Editor in 0.00 ms.
Unloading 1402 Unused Serialized files (Serialized files now loaded: 0)
System memory in use before: 65.3 MB.
System memory in use after: 65.4 MB.

Unloading 13 unused Assets to reduce memory usage. Loaded Objects now: 1866.
Total: 2.130700 ms (FindLiveObjects: 0.167900 ms CreateObjectMapping: 0.087900 ms MarkObjects: 1.859200 ms  DeleteObjects: 0.014900 ms)

========================================================================
Received Import Request.
  Time since last request: 156.627913 seconds.
  path: Assets/code n stuff/Drone.cs
  artifactKey: Guid(b260f2e960361ad4588eca44147a9afe) Importer(815301076,1909f56bfc062723c751e8b465ee728b)
Start importing Assets/code n stuff/Drone.cs using Guid(b260f2e960361ad4588eca44147a9afe) Importer(815301076,1909f56bfc062723c751e8b465ee728b)  -> (artifact id: '195542d94addbc047c913282614cad69') in 0.005063 seconds
  Import took 0.007279 seconds .

========================================================================
Received Import Request.
  Time since last request: 0.001063 seconds.
  path: Assets/code n stuff/Drone.cs
  artifactKey: Guid(b260f2e960361ad4588eca44147a9afe) Importer(815301076,1909f56bfc062723c751e8b465ee728b)
Start importing Assets/code n stuff/Drone.cs using Guid(b260f2e960361ad4588eca44147a9afe) Importer(815301076,1909f56bfc062723c751e8b465ee728b)  -> (artifact id: '195542d94addbc047c913282614cad69') in 0.002151 seconds
  Import took 0.005313 seconds .

========================================================================
Received Prepare
Registering precompiled user dll's ...
Registered in 0.003383 seconds.
Begin MonoManager ReloadAssembly
Native extension for WindowsStandalone target not found
Refreshing native plugins compatible for Editor in 0.33 ms, found 2 plugins.
Preloading 0 native plugins for Editor in 0.00 ms.
Mono: successfully reloaded assembly
- Completed reload, in  0.947 seconds
Platform modules already initialized, skipping
Refreshing native plugins compatible for Editor in 0.48 ms, found 2 plugins.
Preloading 0 native plugins for Editor in 0.00 ms.
Unloading 1402 Unused Serialized files (Serialized files now loaded: 0)
System memory in use before: 65.3 MB.
System memory in use after: 65.4 MB.

Unloading 13 unused Assets to reduce memory usage. Loaded Objects now: 1869.
Total: 1.934500 ms (FindLiveObjects: 0.242100 ms CreateObjectMapping: 0.043100 ms MarkObjects: 1.632200 ms  DeleteObjects: 0.016100 ms)

========================================================================
Received Import Request.
  Time since last request: 35.796094 seconds.
  path: Assets/code n stuff/Drone.cs
  artifactKey: Guid(b260f2e960361ad4588eca44147a9afe) Importer(815301076,1909f56bfc062723c751e8b465ee728b)
Start importing Assets/code n stuff/Drone.cs using Guid(b260f2e960361ad4588eca44147a9afe) Importer(815301076,1909f56bfc062723c751e8b465ee728b)  -> (artifact id: 'f050cddb53c08943d86240e1707b9bbd') in 0.007492 seconds
  Import took 0.010318 seconds .

========================================================================
Received Import Request.
  Time since last request: 0.000706 seconds.
  path: Assets/code n stuff/Drone.cs
  artifactKey: Guid(b260f2e960361ad4588eca44147a9afe) Importer(815301076,1909f56bfc062723c751e8b465ee728b)
Start importing Assets/code n stuff/Drone.cs using Guid(b260f2e960361ad4588eca44147a9afe) Importer(815301076,1909f56bfc062723c751e8b465ee728b)  -> (artifact id: 'f050cddb53c08943d86240e1707b9bbd') in 0.002224 seconds
  Import took 0.004716 seconds .

========================================================================
Received Prepare
Registering precompiled user dll's ...
Registered in 0.006103 seconds.
Begin MonoManager ReloadAssembly
Native extension for WindowsStandalone target not found
Refreshing native plugins compatible for Editor in 0.34 ms, found 2 plugins.
Preloading 0 native plugins for Editor in 0.00 ms.
Mono: successfully reloaded assembly
- Completed reload, in  0.930 seconds
Platform modules already initialized, skipping
Refreshing native plugins compatible for Editor in 0.34 ms, found 2 plugins.
Preloading 0 native plugins for Editor in 0.00 ms.
Unloading 1402 Unused Serialized files (Serialized files now loaded: 0)
System memory in use before: 65.3 MB.
System memory in use after: 65.4 MB.

Unloading 13 unused Assets to reduce memory usage. Loaded Objects now: 1872.
Total: 1.838500 ms (FindLiveObjects: 0.137000 ms CreateObjectMapping: 0.046300 ms MarkObjects: 1.630800 ms  DeleteObjects: 0.023200 ms)

========================================================================
Received Import Request.
  Time since last request: 33.190162 seconds.
  path: Assets/code n stuff/Drone.cs
  artifactKey: Guid(b260f2e960361ad4588eca44147a9afe) Importer(815301076,1909f56bfc062723c751e8b465ee728b)
Start importing Assets/code n stuff/Drone.cs using Guid(b260f2e960361ad4588eca44147a9afe) Importer(815301076,1909f56bfc062723c751e8b465ee728b)  -> (artifact id: '8f60475b0038e275f322ee1305898651') in 0.004416 seconds
  Import took 0.006874 seconds .

========================================================================
Received Import Request.
  Time since last request: 0.002106 seconds.
  path: Assets/code n stuff/Drone.cs
  artifactKey: Guid(b260f2e960361ad4588eca44147a9afe) Importer(815301076,1909f56bfc062723c751e8b465ee728b)
Start importing Assets/code n stuff/Drone.cs using Guid(b260f2e960361ad4588eca44147a9afe) Importer(815301076,1909f56bfc062723c751e8b465ee728b)  -> (artifact id: '8f60475b0038e275f322ee1305898651') in 0.002276 seconds
  Import took 0.005477 seconds .

========================================================================
Received Prepare
Registering precompiled user dll's ...
Registered in 0.003374 seconds.
Begin MonoManager ReloadAssembly
Native extension for WindowsStandalone target not found
Refreshing native plugins compatible for Editor in 0.35 ms, found 2 plugins.
Preloading 0 native plugins for Editor in 0.00 ms.
Mono: successfully reloaded assembly
- Completed reload, in  0.952 seconds
Platform modules already initialized, skipping
Refreshing native plugins compatible for Editor in 0.33 ms, found 2 plugins.
Preloading 0 native plugins for Editor in 0.00 ms.
Unloading 1402 Unused Serialized files (Serialized files now loaded: 0)
System memory in use before: 65.3 MB.
System memory in use after: 65.4 MB.

Unloading 13 unused Assets to reduce memory usage. Loaded Objects now: 1875.
Total: 2.221300 ms (FindLiveObjects: 0.144300 ms CreateObjectMapping: 0.052500 ms MarkObjects: 1.989200 ms  DeleteObjects: 0.033900 ms)

========================================================================
Received Import Request.
  Time since last request: 88.194726 seconds.
  path: Assets/code n stuff/Drone.cs
  artifactKey: Guid(b260f2e960361ad4588eca44147a9afe) Importer(815301076,1909f56bfc062723c751e8b465ee728b)
Start importing Assets/code n stuff/Drone.cs using Guid(b260f2e960361ad4588eca44147a9afe) Importer(815301076,1909f56bfc062723c751e8b465ee728b)  -> (artifact id: 'f467305ee602c6c8669fc3b97ce6bdfe') in 0.005312 seconds
  Import took 0.011905 seconds .

========================================================================
Received Prepare
Registering precompiled user dll's ...
Registered in 0.003568 seconds.
Begin MonoManager ReloadAssembly
Native extension for WindowsStandalone target not found
Refreshing native plugins compatible for Editor in 0.41 ms, found 2 plugins.
Preloading 0 native plugins for Editor in 0.00 ms.
Mono: successfully reloaded assembly
- Completed reload, in  0.941 seconds
Platform modules already initialized, skipping
Refreshing native plugins compatible for Editor in 0.34 ms, found 2 plugins.
Preloading 0 native plugins for Editor in 0.00 ms.
Unloading 1402 Unused Serialized files (Serialized files now loaded: 0)
System memory in use before: 65.3 MB.
System memory in use after: 65.4 MB.

Unloading 13 unused Assets to reduce memory usage. Loaded Objects now: 1878.
Total: 2.585900 ms (FindLiveObjects: 0.202300 ms CreateObjectMapping: 0.099000 ms MarkObjects: 2.259100 ms  DeleteObjects: 0.024200 ms)

========================================================================
Received Import Request.
  Time since last request: 211.525151 seconds.
  path: Assets/code n stuff/Drone.cs
  artifactKey: Guid(b260f2e960361ad4588eca44147a9afe) Importer(815301076,1909f56bfc062723c751e8b465ee728b)
Start importing Assets/code n stuff/Drone.cs using Guid(b260f2e960361ad4588eca44147a9afe) Importer(815301076,1909f56bfc062723c751e8b465ee728b)  -> (artifact id: 'd659f613288d6a08756e100f617b705b') in 0.004695 seconds
  Import took 0.007353 seconds .

========================================================================
Received Import Request.
  Time since last request: 0.002478 seconds.
  path: Assets/code n stuff/Drone.cs
  artifactKey: Guid(b260f2e960361ad4588eca44147a9afe) Importer(815301076,1909f56bfc062723c751e8b465ee728b)
Start importing Assets/code n stuff/Drone.cs using Guid(b260f2e960361ad4588eca44147a9afe) Importer(815301076,1909f56bfc062723c751e8b465ee728b)  -> (artifact id: 'd659f613288d6a08756e100f617b705b') in 0.002100 seconds
  Import took 0.004717 seconds .

========================================================================
Received Prepare
Registering precompiled user dll's ...
Registered in 0.003948 seconds.
Begin MonoManager ReloadAssembly
Native extension for WindowsStandalone target not found
Refreshing native plugins compatible for Editor in 0.31 ms, found 2 plugins.
Preloading 0 native plugins for Editor in 0.00 ms.
Mono: successfully reloaded assembly
- Completed reload, in  0.930 seconds
Platform modules already initialized, skipping
Refreshing native plugins compatible for Editor in 0.36 ms, found 2 plugins.
Preloading 0 native plugins for Editor in 0.00 ms.
Unloading 1402 Unused Serialized files (Serialized files now loaded: 0)
System memory in use before: 65.3 MB.
System memory in use after: 65.4 MB.

Unloading 13 unused Assets to reduce memory usage. Loaded Objects now: 1881.
Total: 2.176300 ms (FindLiveObjects: 0.180900 ms CreateObjectMapping: 0.067700 ms MarkObjects: 1.910200 ms  DeleteObjects: 0.016400 ms)

========================================================================
Received Prepare
Registering precompiled user dll's ...
Registered in 0.003453 seconds.
Begin MonoManager ReloadAssembly
Native extension for WindowsStandalone target not found
Refreshing native plugins compatible for Editor in 0.42 ms, found 2 plugins.
Preloading 0 native plugins for Editor in 0.00 ms.
Mono: successfully reloaded assembly
- Completed reload, in  0.924 seconds
Platform modules already initialized, skipping
Refreshing native plugins compatible for Editor in 0.34 ms, found 2 plugins.
Preloading 0 native plugins for Editor in 0.00 ms.
Unloading 1402 Unused Serialized files (Serialized files now loaded: 0)
System memory in use before: 65.3 MB.
System memory in use after: 65.4 MB.

Unloading 13 unused Assets to reduce memory usage. Loaded Objects now: 1884.
Total: 2.271100 ms (FindLiveObjects: 0.197600 ms CreateObjectMapping: 0.104100 ms MarkObjects: 1.942700 ms  DeleteObjects: 0.025600 ms)

========================================================================
Received Import Request.
  Time since last request: 486.298270 seconds.
  path: Assets/code n stuff/AuraGun.cs
  artifactKey: Guid(885fb6a7903c9d34fbf10931d32a836d) Importer(815301076,1909f56bfc062723c751e8b465ee728b)
Start importing Assets/code n stuff/AuraGun.cs using Guid(885fb6a7903c9d34fbf10931d32a836d) Importer(815301076,1909f56bfc062723c751e8b465ee728b)  -> (artifact id: '066ce853a823fa8c23f5cabd3a48611e') in 0.010542 seconds
  Import took 0.013632 seconds .

========================================================================
Received Prepare
Registering precompiled user dll's ...
Registered in 0.003178 seconds.
Begin MonoManager ReloadAssembly
Native extension for WindowsStandalone target not found
Refreshing native plugins compatible for Editor in 0.33 ms, found 2 plugins.
Preloading 0 native plugins for Editor in 0.00 ms.
Mono: successfully reloaded assembly
- Completed reload, in  0.941 seconds
Platform modules already initialized, skipping
Refreshing native plugins compatible for Editor in 0.32 ms, found 2 plugins.
Preloading 0 native plugins for Editor in 0.00 ms.
Unloading 1403 Unused Serialized files (Serialized files now loaded: 0)
System memory in use before: 65.3 MB.
System memory in use after: 65.4 MB.

Unloading 13 unused Assets to reduce memory usage. Loaded Objects now: 1888.
Total: 1.755900 ms (FindLiveObjects: 0.134000 ms CreateObjectMapping: 0.041900 ms MarkObjects: 1.545200 ms  DeleteObjects: 0.033700 ms)

========================================================================
Received Prepare
Registering precompiled user dll's ...
Registered in 0.003565 seconds.
Begin MonoManager ReloadAssembly
Native extension for WindowsStandalone target not found
Refreshing native plugins compatible for Editor in 0.47 ms, found 2 plugins.
Preloading 0 native plugins for Editor in 0.00 ms.
Mono: successfully reloaded assembly
- Completed reload, in  0.878 seconds
Platform modules already initialized, skipping
Refreshing native plugins compatible for Editor in 0.35 ms, found 2 plugins.
Preloading 0 native plugins for Editor in 0.00 ms.
Unloading 1402 Unused Serialized files (Serialized files now loaded: 0)
System memory in use before: 65.3 MB.
System memory in use after: 65.4 MB.

Unloading 14 unused Assets to reduce memory usage. Loaded Objects now: 1890.
Total: 1.987200 ms (FindLiveObjects: 0.179900 ms CreateObjectMapping: 0.051600 ms MarkObjects: 1.738800 ms  DeleteObjects: 0.016000 ms)

========================================================================
Received Prepare
Registering precompiled user dll's ...
Registered in 0.003281 seconds.
Begin MonoManager ReloadAssembly
Native extension for WindowsStandalone target not found
Refreshing native plugins compatible for Editor in 0.38 ms, found 2 plugins.
Preloading 0 native plugins for Editor in 0.00 ms.
Mono: successfully reloaded assembly
- Completed reload, in  0.893 seconds
Platform modules already initialized, skipping
Refreshing native plugins compatible for Editor in 0.33 ms, found 2 plugins.
Preloading 0 native plugins for Editor in 0.00 ms.
Unloading 1403 Unused Serialized files (Serialized files now loaded: 0)
System memory in use before: 65.3 MB.
System memory in use after: 65.4 MB.

Unloading 13 unused Assets to reduce memory usage. Loaded Objects now: 1894.
Total: 2.083500 ms (FindLiveObjects: 0.161200 ms CreateObjectMapping: 0.043000 ms MarkObjects: 1.831100 ms  DeleteObjects: 0.047300 ms)

========================================================================
Received Import Request.
  Time since last request: 84.664042 seconds.
  path: Assets/code n stuff/AuraBullet.cs
  artifactKey: Guid(92a86150db956a0489520adf103258ce) Importer(815301076,1909f56bfc062723c751e8b465ee728b)
Start importing Assets/code n stuff/AuraBullet.cs using Guid(92a86150db956a0489520adf103258ce) Importer(815301076,1909f56bfc062723c751e8b465ee728b)  -> (artifact id: '60a4d9dcd0e6be14ec47d41770c10a93') in 0.008545 seconds
  Import took 0.010640 seconds .

========================================================================
Received Prepare
Registering precompiled user dll's ...
Registered in 0.003738 seconds.
Begin MonoManager ReloadAssembly
Native extension for WindowsStandalone target not found
Refreshing native plugins compatible for Editor in 0.32 ms, found 2 plugins.
Preloading 0 native plugins for Editor in 0.00 ms.
Mono: successfully reloaded assembly
- Completed reload, in  0.877 seconds
Platform modules already initialized, skipping
Refreshing native plugins compatible for Editor in 0.33 ms, found 2 plugins.
Preloading 0 native plugins for Editor in 0.00 ms.
Unloading 1403 Unused Serialized files (Serialized files now loaded: 0)
System memory in use before: 65.3 MB.
System memory in use after: 65.4 MB.

Unloading 13 unused Assets to reduce memory usage. Loaded Objects now: 1897.
Total: 2.059200 ms (FindLiveObjects: 0.124200 ms CreateObjectMapping: 0.044600 ms MarkObjects: 1.875800 ms  DeleteObjects: 0.013800 ms)

========================================================================
Received Import Request.
  Time since last request: 176.967707 seconds.
  path: Assets/code n stuff/AuraBullet.cs
  artifactKey: Guid(92a86150db956a0489520adf103258ce) Importer(815301076,1909f56bfc062723c751e8b465ee728b)
Start importing Assets/code n stuff/AuraBullet.cs using Guid(92a86150db956a0489520adf103258ce) Importer(815301076,1909f56bfc062723c751e8b465ee728b)  -> (artifact id: '3690982530dfa78f6c442595736d5950') in 0.004062 seconds
  Import took 0.006219 seconds .

========================================================================
Received Prepare
Registering precompiled user dll's ...
Registered in 0.003176 seconds.
Begin MonoManager ReloadAssembly
Native extension for WindowsStandalone target not found
Refreshing native plugins compatible for Editor in 0.32 ms, found 2 plugins.
Preloading 0 native plugins for Editor in 0.00 ms.
Mono: successfully reloaded assembly
- Completed reload, in  0.866 seconds
Platform modules already initialized, skipping
Refreshing native plugins compatible for Editor in 0.32 ms, found 2 plugins.
Preloading 0 native plugins for Editor in 0.00 ms.
Unloading 1403 Unused Serialized files (Serialized files now loaded: 0)
System memory in use before: 65.3 MB.
System memory in use after: 65.5 MB.

Unloading 13 unused Assets to reduce memory usage. Loaded Objects now: 1900.
Total: 1.885900 ms (FindLiveObjects: 0.127500 ms CreateObjectMapping: 0.043200 ms MarkObjects: 1.697800 ms  DeleteObjects: 0.016400 ms)

========================================================================
Received Prepare
Registering precompiled user dll's ...
Registered in 0.003222 seconds.
Begin MonoManager ReloadAssembly
Native extension for WindowsStandalone target not found
Refreshing native plugins compatible for Editor in 0.44 ms, found 2 plugins.
Preloading 0 native plugins for Editor in 0.00 ms.
Mono: successfully reloaded assembly
- Completed reload, in  0.888 seconds
Platform modules already initialized, skipping
Refreshing native plugins compatible for Editor in 0.34 ms, found 2 plugins.
Preloading 0 native plugins for Editor in 0.00 ms.
Unloading 1403 Unused Serialized files (Serialized files now loaded: 0)
System memory in use before: 65.4 MB.
System memory in use after: 65.5 MB.

Unloading 13 unused Assets to reduce memory usage. Loaded Objects now: 1903.
Total: 1.916600 ms (FindLiveObjects: 0.144200 ms CreateObjectMapping: 0.042600 ms MarkObjects: 1.704100 ms  DeleteObjects: 0.024300 ms)

========================================================================
Received Prepare
Registering precompiled user dll's ...
Registered in 0.003554 seconds.
Begin MonoManager ReloadAssembly
Native extension for WindowsStandalone target not found
Refreshing native plugins compatible for Editor in 0.40 ms, found 2 plugins.
Preloading 0 native plugins for Editor in 0.00 ms.
Mono: successfully reloaded assembly
- Completed reload, in  0.875 seconds
Platform modules already initialized, skipping
Refreshing native plugins compatible for Editor in 0.32 ms, found 2 plugins.
Preloading 0 native plugins for Editor in 0.00 ms.
Unloading 1403 Unused Serialized files (Serialized files now loaded: 0)
System memory in use before: 65.4 MB.
System memory in use after: 65.5 MB.

Unloading 13 unused Assets to reduce memory usage. Loaded Objects now: 1906.
Total: 1.767000 ms (FindLiveObjects: 0.133000 ms CreateObjectMapping: 0.043300 ms MarkObjects: 1.564900 ms  DeleteObjects: 0.024800 ms)

========================================================================
Received Prepare
Registering precompiled user dll's ...
Registered in 0.003587 seconds.
Begin MonoManager ReloadAssembly
Native extension for WindowsStandalone target not found
Refreshing native plugins compatible for Editor in 0.35 ms, found 2 plugins.
Preloading 0 native plugins for Editor in 0.00 ms.
Mono: successfully reloaded assembly
- Completed reload, in  0.882 seconds
Platform modules already initialized, skipping
Refreshing native plugins compatible for Editor in 0.33 ms, found 2 plugins.
Preloading 0 native plugins for Editor in 0.00 ms.
Unloading 1403 Unused Serialized files (Serialized files now loaded: 0)
System memory in use before: 65.4 MB.
System memory in use after: 65.5 MB.

Unloading 13 unused Assets to reduce memory usage. Loaded Objects now: 1909.
Total: 1.940100 ms (FindLiveObjects: 0.176000 ms CreateObjectMapping: 0.043800 ms MarkObjects: 1.661300 ms  DeleteObjects: 0.057700 ms)

========================================================================
Received Prepare
Registering precompiled user dll's ...
Registered in 0.003129 seconds.
Begin MonoManager ReloadAssembly
Native extension for WindowsStandalone target not found
Refreshing native plugins compatible for Editor in 0.36 ms, found 2 plugins.
Preloading 0 native plugins for Editor in 0.00 ms.
Mono: successfully reloaded assembly
- Completed reload, in  0.882 seconds
Platform modules already initialized, skipping
Refreshing native plugins compatible for Editor in 0.34 ms, found 2 plugins.
Preloading 0 native plugins for Editor in 0.00 ms.
Unloading 1403 Unused Serialized files (Serialized files now loaded: 0)
System memory in use before: 65.4 MB.
System memory in use after: 65.5 MB.

Unloading 13 unused Assets to reduce memory usage. Loaded Objects now: 1912.
Total: 1.872800 ms (FindLiveObjects: 0.206600 ms CreateObjectMapping: 0.062800 ms MarkObjects: 1.588300 ms  DeleteObjects: 0.014000 ms)

